# JRE version: Java(TM) SE Runtime Environment (8.0_241-b07) (build 1.8.0_241-b07)
# Java VM: Java HotSpot(TM) 64-Bit Server VM (25.241-b07 mixed mode windows-amd64 compressed oops)
Heap:
 PSYoungGen      total 435712K, used 20989K [0x00000000d5800000, 0x00000000f3980000, 0x0000000100000000)
  eden space 417280K, 5% used [0x00000000d5800000,0x00000000d6c7f558,0x00000000eef80000)
  from space 18432K, 0% used [0x00000000eef80000,0x00000000eef80000,0x00000000f0180000)
  to   space 16896K, 0% used [0x00000000f0180000,0x00000000f0180000,0x00000000f1200000)
 ParOldGen       total 90624K, used 89652K [0x0000000080800000, 0x0000000086080000, 0x00000000d5800000)
  object space 90624K, 98% used [0x0000000080800000,0x0000000085f8d300,0x0000000086080000)
 Metaspace       used 52081K, capacity 55277K, committed 55808K, reserved 1101824K
  class space    used 7076K, capacity 7802K, committed 7936K, reserved 1048576K
GC Heap History (10 events):
Event: 12.556 GC heap before
{Heap before GC invocations=11 (full 2):
 PSYoungGen      total 434176K, used 417280K [0x00000000d5800000, 0x00000000f3980000, 0x0000000100000000)
  eden space 417280K, 100% used [0x00000000d5800000,0x00000000eef80000,0x00000000eef80000)
  from space 16896K, 0% used [0x00000000f0180000,0x00000000f0180000,0x00000000f1200000)
  to   space 18432K, 0% used [0x00000000eef80000,0x00000000eef80000,0x00000000f0180000)
 ParOldGen       total 76288K, used 20615K [0x0000000080800000, 0x0000000085280000, 0x00000000d5800000)
  object space 76288K, 27% used [0x0000000080800000,0x0000000081c21f78,0x0000000085280000)
 Metaspace       used 51029K, capacity 53918K, committed 54272K, reserved 1095680K
  class space    used 6882K, capacity 7580K, committed 7680K, reserved 1048576K
Event: 13.093 GC heap after
Heap after GC invocations=11 (full 2):
 PSYoungGen      total 435712K, used 18424K [0x00000000d5800000, 0x00000000f3980000, 0x0000000100000000)
  eden space 417280K, 0% used [0x00000000d5800000,0x00000000d5800000,0x00000000eef80000)
  from space 18432K, 99% used [0x00000000eef80000,0x00000000f017e040,0x00000000f0180000)
  to   space 16896K, 0% used [0x00000000f0180000,0x00000000f0180000,0x00000000f1200000)
 ParOldGen       total 90624K, used 90341K [0x0000000080800000, 0x0000000086080000, 0x00000000d5800000)
  object space 90624K, 99% used [0x0000000080800000,0x0000000086039408,0x0000000086080000)
 Metaspace       used 51029K, capacity 53918K, committed 54272K, reserved 1095680K
  class space    used 6882K, capacity 7580K, committed 7680K, reserved 1048576K
}
Event: 13.093 GC heap before
{Heap before GC invocations=12 (full 3):
 PSYoungGen      total 435712K, used 18424K [0x00000000d5800000, 0x00000000f3980000, 0x0000000100000000)
  eden space 417280K, 0% used [0x00000000d5800000,0x00000000d5800000,0x00000000eef80000)
  from space 18432K, 99% used [0x00000000eef80000,0x00000000f017e040,0x00000000f0180000)
  to   space 16896K, 0% used [0x00000000f0180000,0x00000000f0180000,0x00000000f1200000)
 ParOldGen       total 90624K, used 90341K [0x0000000080800000, 0x0000000086080000, 0x00000000d5800000)
  object space 90624K, 99% used [0x0000000080800000,0x0000000086039408,0x0000000086080000)
 Metaspace       used 51029K, capacity 53918K, committed 54272K, reserved 1095680K
  class space    used 6882K, capacity 7580K, committed 7680K, reserved 1048576K
Event: 13.281 GC heap after
Heap after GC invocations=12 (full 3):
 PSYoungGen      total 435712K, used 17908K [0x00000000d5800000, 0x00000000f3980000, 0x0000000100000000)
  eden space 417280K, 0% used [0x00000000d5800000,0x00000000d5800000,0x00000000eef80000)
  from space 18432K, 97% used [0x00000000eef80000,0x00000000f00fd380,0x00000000f0180000)
  to   space 16896K, 0% used [0x00000000f0180000,0x00000000f0180000,0x00000000f1200000)
 ParOldGen       total 90624K, used 87270K [0x0000000080800000, 0x0000000086080000, 0x00000000d5800000)
  object space 90624K, 96% used [0x0000000080800000,0x0000000085d39a48,0x0000000086080000)
 Metaspace       used 51029K, capacity 53918K, committed 54272K, reserved 1095680K
  class space    used 6882K, capacity 7580K, committed 7680K, reserved 1048576K
}
Event: 13.622 GC heap before
{Heap before GC invocations=13 (full 4):
 PSYoungGen      total 435712K, used 127139K [0x00000000d5800000, 0x00000000f3980000, 0x0000000100000000)
  eden space 417280K, 26% used [0x00000000d5800000,0x00000000dc2abc48,0x00000000eef80000)
  from space 18432K, 97% used [0x00000000eef80000,0x00000000f00fd380,0x00000000f0180000)
  to   space 16896K, 0% used [0x00000000f0180000,0x00000000f0180000,0x00000000f1200000)
 ParOldGen       total 90624K, used 87270K [0x0000000080800000, 0x0000000086080000, 0x00000000d5800000)
  object space 90624K, 96% used [0x0000000080800000,0x0000000085d39a48,0x0000000086080000)
 Metaspace       used 52134K, capacity 55427K, committed 55552K, reserved 1103872K
  class space    used 7082K, capacity 7843K, committed 7936K, reserved 1048576K
Event: 13.767 GC heap after
Heap after GC invocations=13 (full 4):
 PSYoungGen      total 435712K, used 17907K [0x00000000d5800000, 0x00000000f3980000, 0x0000000100000000)
  eden space 417280K, 0% used [0x00000000d5800000,0x00000000d5800000,0x00000000eef80000)
  from space 18432K, 97% used [0x00000000eef80000,0x00000000f00fce28,0x00000000f0180000)
  to   space 16896K, 0% used [0x00000000f0180000,0x00000000f0180000,0x00000000f1200000)
 ParOldGen       total 90624K, used 76711K [0x0000000080800000, 0x0000000086080000, 0x00000000d5800000)
  object space 90624K, 84% used [0x0000000080800000,0x00000000852e9f80,0x0000000086080000)
 Metaspace       used 52134K, capacity 55427K, committed 55552K, reserved 1101824K
  class space    used 7082K, capacity 7843K, committed 7936K, reserved 1048576K
}
Event: 13.767 GC heap before
{Heap before GC invocations=14 (full 5):
 PSYoungGen      total 435712K, used 17907K [0x00000000d5800000, 0x00000000f3980000, 0x0000000100000000)
  eden space 417280K, 0% used [0x00000000d5800000,0x00000000d5800000,0x00000000eef80000)
  from space 18432K, 97% used [0x00000000eef80000,0x00000000f00fce28,0x00000000f0180000)
  to   space 16896K, 0% used [0x00000000f0180000,0x00000000f0180000,0x00000000f1200000)
 ParOldGen       total 90624K, used 76711K [0x0000000080800000, 0x0000000086080000, 0x00000000d5800000)
  object space 90624K, 84% used [0x0000000080800000,0x00000000852e9f80,0x0000000086080000)
 Metaspace       used 52134K, capacity 55427K, committed 55552K, reserved 1103872K
  class space    used 7082K, capacity 7843K, committed 7936K, reserved 1048576K
Event: 13.907 GC heap after
Heap after GC invocations=14 (full 5):
 PSYoungGen      total 435712K, used 0K [0x00000000d5800000, 0x00000000f3980000, 0x0000000100000000)
  eden space 417280K, 0% used [0x00000000d5800000,0x00000000d5800000,0x00000000eef80000)
  from space 18432K, 0% used [0x00000000eef80000,0x00000000eef80000,0x00000000f0180000)
  to   space 16896K, 0% used [0x00000000f0180000,0x00000000f0180000,0x00000000f1200000)
 ParOldGen       total 90624K, used 89652K [0x0000000080800000, 0x0000000086080000, 0x00000000d5800000)
  object space 90624K, 98% used [0x0000000080800000,0x0000000085f8d290,0x0000000086080000)
 Metaspace       used 51859K, capacity 54985K, committed 55552K, reserved 1101824K
  class space    used 7039K, capacity 7764K, committed 7936K, reserved 1048576K
}
Event: 13.908 GC heap before
{Heap before GC invocations=15 (full 6):
 PSYoungGen      total 435712K, used 7543K [0x00000000d5800000, 0x00000000f3980000, 0x0000000100000000)
  eden space 417280K, 1% used [0x00000000d5800000,0x00000000d5f5df08,0x00000000eef80000)
  from space 18432K, 0% used [0x00000000eef80000,0x00000000eef80000,0x00000000f0180000)
  to   space 16896K, 0% used [0x00000000f0180000,0x00000000f0180000,0x00000000f1200000)
 ParOldGen       total 90624K, used 89652K [0x0000000080800000, 0x0000000086080000, 0x00000000d5800000)
  object space 90624K, 98% used [0x0000000080800000,0x0000000085f8d290,0x0000000086080000)
 Metaspace       used 51859K, capacity 54985K, committed 55552K, reserved 1105920K
  class space    used 7039K, capacity 7764K, committed 7936K, reserved 1048576K
Event: 13.982 GC heap after
Heap after GC invocations=15 (full 6):
 PSYoungGen      total 435712K, used 0K [0x00000000d5800000, 0x00000000f3980000, 0x0000000100000000)
  eden space 417280K, 0% used [0x00000000d5800000,0x00000000d5800000,0x00000000eef80000)
  from space 18432K, 0% used [0x00000000eef80000,0x00000000eef80000,0x00000000f0180000)
  to   space 16896K, 0% used [0x00000000f0180000,0x00000000f0180000,0x00000000f1200000)
 ParOldGen       total 90624K, used 89652K [0x0000000080800000, 0x0000000086080000, 0x00000000d5800000)
  object space 90624K, 98% used [0x0000000080800000,0x0000000085f8d300,0x0000000086080000)
 Metaspace       used 51859K, capacity 54985K, committed 55552K, reserved 1101824K
  class space    used 7039K, capacity 7764K, committed 7936K, reserved 1048576K
}

