# JRE version: Java(TM) SE Runtime Environment (8.0_241-b07) (build 1.8.0_241-b07)
# Java VM: Java HotSpot(TM) 64-Bit Server VM (25.241-b07 mixed mode windows-amd64 compressed oops)
Heap:
 PSYoungGen      total 189952K, used 134423K [0x00000000d5800000, 0x00000000e2200000, 0x0000000100000000)
  eden space 173056K, 72% used [0x00000000d5800000,0x00000000dd3435c0,0x00000000e0100000)
  from space 16896K, 48% used [0x00000000e0100000,0x00000000e0902770,0x00000000e1180000)
  to   space 13824K, 0% used [0x00000000e1380000,0x00000000e1380000,0x00000000e2100000)
 ParOldGen       total 80896K, used 25507K [0x0000000080800000, 0x0000000085700000, 0x00000000d5800000)
  object space 80896K, 31% used [0x0000000080800000,0x00000000820e8ef0,0x0000000085700000)
 Metaspace       used 46671K, capacity 48896K, committed 49152K, reserved 1091584K
  class space    used 6513K, capacity 6895K, committed 6912K, reserved 1048576K
GC Heap History (10 events):
Event: 5.354 GC heap before
{Heap before GC invocations=9 (full 1):
 PSYoungGen      total 121344K, used 121341K [0x00000000d5800000, 0x00000000e2100000, 0x0000000100000000)
  eden space 110592K, 100% used [0x00000000d5800000,0x00000000dc400000,0x00000000dc400000)
  from space 10752K, 99% used [0x00000000dc400000,0x00000000dce7f600,0x00000000dce80000)
  to   space 13824K, 0% used [0x00000000e1380000,0x00000000e1380000,0x00000000e2100000)
 ParOldGen       total 54272K, used 14162K [0x0000000080800000, 0x0000000083d00000, 0x00000000d5800000)
  object space 54272K, 26% used [0x0000000080800000,0x00000000815d49a8,0x0000000083d00000)
 Metaspace       used 33464K, capacity 35104K, committed 35328K, reserved 1079296K
  class space    used 4549K, capacity 4862K, committed 4864K, reserved 1048576K
Event: 5.367 GC heap after
Heap after GC invocations=9 (full 1):
 PSYoungGen      total 186880K, used 13823K [0x00000000d5800000, 0x00000000e2200000, 0x0000000100000000)
  eden space 173056K, 0% used [0x00000000d5800000,0x00000000d5800000,0x00000000e0100000)
  from space 13824K, 99% used [0x00000000e1380000,0x00000000e20fff18,0x00000000e2100000)
  to   space 16896K, 0% used [0x00000000e0100000,0x00000000e0100000,0x00000000e1180000)
 ParOldGen       total 54272K, used 17668K [0x0000000080800000, 0x0000000083d00000, 0x00000000d5800000)
  object space 54272K, 32% used [0x0000000080800000,0x0000000081941338,0x0000000083d00000)
 Metaspace       used 33464K, capacity 35104K, committed 35328K, reserved 1079296K
  class space    used 4549K, capacity 4862K, committed 4864K, reserved 1048576K
}
Event: 5.395 GC heap before
{Heap before GC invocations=10 (full 1):
 PSYoungGen      total 186880K, used 20836K [0x00000000d5800000, 0x00000000e2200000, 0x0000000100000000)
  eden space 173056K, 4% used [0x00000000d5800000,0x00000000d5ed9468,0x00000000e0100000)
  from space 13824K, 99% used [0x00000000e1380000,0x00000000e20fff18,0x00000000e2100000)
  to   space 16896K, 0% used [0x00000000e0100000,0x00000000e0100000,0x00000000e1180000)
 ParOldGen       total 54272K, used 17668K [0x0000000080800000, 0x0000000083d00000, 0x00000000d5800000)
  object space 54272K, 32% used [0x0000000080800000,0x0000000081941338,0x0000000083d00000)
 Metaspace       used 33753K, capacity 35368K, committed 35456K, reserved 1079296K
  class space    used 4590K, capacity 4904K, committed 4992K, reserved 1048576K
Event: 5.404 GC heap after
Heap after GC invocations=10 (full 1):
 PSYoungGen      total 189952K, used 7262K [0x00000000d5800000, 0x00000000e2200000, 0x0000000100000000)
  eden space 173056K, 0% used [0x00000000d5800000,0x00000000d5800000,0x00000000e0100000)
  from space 16896K, 42% used [0x00000000e0100000,0x00000000e08178f8,0x00000000e1180000)
  to   space 13824K, 0% used [0x00000000e1380000,0x00000000e1380000,0x00000000e2100000)
 ParOldGen       total 54272K, used 24751K [0x0000000080800000, 0x0000000083d00000, 0x00000000d5800000)
  object space 54272K, 45% used [0x0000000080800000,0x000000008202bd48,0x0000000083d00000)
 Metaspace       used 33753K, capacity 35368K, committed 35456K, reserved 1079296K
  class space    used 4590K, capacity 4904K, committed 4992K, reserved 1048576K
}
Event: 5.404 GC heap before
{Heap before GC invocations=11 (full 2):
 PSYoungGen      total 189952K, used 7262K [0x00000000d5800000, 0x00000000e2200000, 0x0000000100000000)
  eden space 173056K, 0% used [0x00000000d5800000,0x00000000d5800000,0x00000000e0100000)
  from space 16896K, 42% used [0x00000000e0100000,0x00000000e08178f8,0x00000000e1180000)
  to   space 13824K, 0% used [0x00000000e1380000,0x00000000e1380000,0x00000000e2100000)
 ParOldGen       total 54272K, used 24751K [0x0000000080800000, 0x0000000083d00000, 0x00000000d5800000)
  object space 54272K, 45% used [0x0000000080800000,0x000000008202bd48,0x0000000083d00000)
 Metaspace       used 33753K, capacity 35368K, committed 35456K, reserved 1079296K
  class space    used 4590K, capacity 4904K, committed 4992K, reserved 1048576K
Event: 5.466 GC heap after
Heap after GC invocations=11 (full 2):
 PSYoungGen      total 189952K, used 0K [0x00000000d5800000, 0x00000000e2200000, 0x0000000100000000)
  eden space 173056K, 0% used [0x00000000d5800000,0x00000000d5800000,0x00000000e0100000)
  from space 16896K, 0% used [0x00000000e0100000,0x00000000e0100000,0x00000000e1180000)
  to   space 13824K, 0% used [0x00000000e1380000,0x00000000e1380000,0x00000000e2100000)
 ParOldGen       total 80896K, used 21214K [0x0000000080800000, 0x0000000085700000, 0x00000000d5800000)
  object space 80896K, 26% used [0x0000000080800000,0x0000000081cb78a0,0x0000000085700000)
 Metaspace       used 33753K, capacity 35368K, committed 35456K, reserved 1079296K
  class space    used 4590K, capacity 4904K, committed 4992K, reserved 1048576K
}
Event: 6.536 GC heap before
{Heap before GC invocations=12 (full 2):
 PSYoungGen      total 189952K, used 173056K [0x00000000d5800000, 0x00000000e2200000, 0x0000000100000000)
  eden space 173056K, 100% used [0x00000000d5800000,0x00000000e0100000,0x00000000e0100000)
  from space 16896K, 0% used [0x00000000e0100000,0x00000000e0100000,0x00000000e1180000)
  to   space 13824K, 0% used [0x00000000e1380000,0x00000000e1380000,0x00000000e2100000)
 ParOldGen       total 80896K, used 21214K [0x0000000080800000, 0x0000000085700000, 0x00000000d5800000)
  object space 80896K, 26% used [0x0000000080800000,0x0000000081cb78a0,0x0000000085700000)
 Metaspace       used 37480K, capacity 39266K, committed 39680K, reserved 1083392K
  class space    used 5182K, capacity 5525K, committed 5632K, reserved 1048576K
Event: 6.546 GC heap after
Heap after GC invocations=12 (full 2):
 PSYoungGen      total 186880K, used 8620K [0x00000000d5800000, 0x00000000e2200000, 0x0000000100000000)
  eden space 173056K, 0% used [0x00000000d5800000,0x00000000d5800000,0x00000000e0100000)
  from space 13824K, 62% used [0x00000000e1380000,0x00000000e1beb1d8,0x00000000e2100000)
  to   space 16896K, 0% used [0x00000000e0100000,0x00000000e0100000,0x00000000e1180000)
 ParOldGen       total 80896K, used 21222K [0x0000000080800000, 0x0000000085700000, 0x00000000d5800000)
  object space 80896K, 26% used [0x0000000080800000,0x0000000081cb98a0,0x0000000085700000)
 Metaspace       used 37480K, capacity 39266K, committed 39680K, reserved 1083392K
  class space    used 5182K, capacity 5525K, committed 5632K, reserved 1048576K
}
Event: 7.284 GC heap before
{Heap before GC invocations=13 (full 2):
 PSYoungGen      total 186880K, used 181676K [0x00000000d5800000, 0x00000000e2200000, 0x0000000100000000)
  eden space 173056K, 100% used [0x00000000d5800000,0x00000000e0100000,0x00000000e0100000)
  from space 13824K, 62% used [0x00000000e1380000,0x00000000e1beb1d8,0x00000000e2100000)
  to   space 16896K, 0% used [0x00000000e0100000,0x00000000e0100000,0x00000000e1180000)
 ParOldGen       total 80896K, used 21222K [0x0000000080800000, 0x0000000085700000, 0x00000000d5800000)
  object space 80896K, 26% used [0x0000000080800000,0x0000000081cb98a0,0x0000000085700000)
 Metaspace       used 41977K, capacity 44014K, committed 44288K, reserved 1087488K
  class space    used 5889K, capacity 6285K, committed 6400K, reserved 1048576K
Event: 7.295 GC heap after
Heap after GC invocations=13 (full 2):
 PSYoungGen      total 189952K, used 8201K [0x00000000d5800000, 0x00000000e2200000, 0x0000000100000000)
  eden space 173056K, 0% used [0x00000000d5800000,0x00000000d5800000,0x00000000e0100000)
  from space 16896K, 48% used [0x00000000e0100000,0x00000000e0902770,0x00000000e1180000)
  to   space 13824K, 0% used [0x00000000e1380000,0x00000000e1380000,0x00000000e2100000)
 ParOldGen       total 80896K, used 25507K [0x0000000080800000, 0x0000000085700000, 0x00000000d5800000)
  object space 80896K, 31% used [0x0000000080800000,0x00000000820e8ef0,0x0000000085700000)
 Metaspace       used 41977K, capacity 44014K, committed 44288K, reserved 1087488K
  class space    used 5889K, capacity 6285K, committed 6400K, reserved 1048576K
}

