# JRE version: Java(TM) SE Runtime Environment (8.0_241-b07) (build 1.8.0_241-b07)
# Java VM: Java HotSpot(TM) 64-Bit Server VM (25.241-b07 mixed mode windows-amd64 compressed oops)
Heap:
 PSYoungGen      total 499712K, used 307615K [0x00000000d5800000, 0x00000000f6c00000, 0x0000000100000000)
  eden space 460800K, 64% used [0x00000000d5800000,0x00000000e79094f8,0x00000000f1a00000)
  from space 38912K, 29% used [0x00000000f4600000,0x00000000f515e858,0x00000000f6c00000)
  to   space 41984K, 0% used [0x00000000f1a00000,0x00000000f1a00000,0x00000000f4300000)
 ParOldGen       total 164352K, used 95780K [0x0000000080800000, 0x000000008a880000, 0x00000000d5800000)
  object space 164352K, 58% used [0x0000000080800000,0x0000000086589278,0x000000008a880000)
 Metaspace       used 73301K, capacity 76882K, committed 76952K, reserved 1116160K
  class space    used 10097K, capacity 10871K, committed 10928K, reserved 1048576K
GC Heap History (10 events):
Event: 4.336 GC heap before
{Heap before GC invocations=11 (full 2):
 PSYoungGen      total 248832K, used 12375K [0x00000000d5800000, 0x00000000ec680000, 0x0000000100000000)
  eden space 235008K, 0% used [0x00000000d5800000,0x00000000d5800000,0x00000000e3d80000)
  from space 13824K, 89% used [0x00000000e3d80000,0x00000000e4995dd0,0x00000000e4b00000)
  to   space 15360K, 0% used [0x00000000eb780000,0x00000000eb780000,0x00000000ec680000)
 ParOldGen       total 48128K, used 12236K [0x0000000080800000, 0x0000000083700000, 0x00000000d5800000)
  object space 48128K, 25% used [0x0000000080800000,0x00000000813f32d8,0x0000000083700000)
 Metaspace       used 34173K, capacity 35426K, committed 35496K, reserved 1079296K
  class space    used 4507K, capacity 4753K, committed 4784K, reserved 1048576K
Event: 4.398 GC heap after
Heap after GC invocations=11 (full 2):
 PSYoungGen      total 248832K, used 0K [0x00000000d5800000, 0x00000000ec680000, 0x0000000100000000)
  eden space 235008K, 0% used [0x00000000d5800000,0x00000000d5800000,0x00000000e3d80000)
  from space 13824K, 0% used [0x00000000e3d80000,0x00000000e3d80000,0x00000000e4b00000)
  to   space 15360K, 0% used [0x00000000eb780000,0x00000000eb780000,0x00000000ec680000)
 ParOldGen       total 69120K, used 17687K [0x0000000080800000, 0x0000000084b80000, 0x00000000d5800000)
  object space 69120K, 25% used [0x0000000080800000,0x0000000081945d30,0x0000000084b80000)
 Metaspace       used 34173K, capacity 35426K, committed 35496K, reserved 1079296K
  class space    used 4507K, capacity 4753K, committed 4784K, reserved 1048576K
}
Event: 5.766 GC heap before
{Heap before GC invocations=12 (full 2):
 PSYoungGen      total 248832K, used 235008K [0x00000000d5800000, 0x00000000ec680000, 0x0000000100000000)
  eden space 235008K, 100% used [0x00000000d5800000,0x00000000e3d80000,0x00000000e3d80000)
  from space 13824K, 0% used [0x00000000e3d80000,0x00000000e3d80000,0x00000000e4b00000)
  to   space 15360K, 0% used [0x00000000eb780000,0x00000000eb780000,0x00000000ec680000)
 ParOldGen       total 69120K, used 17687K [0x0000000080800000, 0x0000000084b80000, 0x00000000d5800000)
  object space 69120K, 25% used [0x0000000080800000,0x0000000081945d30,0x0000000084b80000)
 Metaspace       used 47388K, capacity 49382K, committed 49576K, reserved 1091584K
  class space    used 6266K, capacity 6807K, committed 6832K, reserved 1048576K
Event: 5.776 GC heap after
Heap after GC invocations=12 (full 2):
 PSYoungGen      total 347136K, used 15259K [0x00000000d5800000, 0x00000000ec680000, 0x0000000100000000)
  eden space 331776K, 0% used [0x00000000d5800000,0x00000000d5800000,0x00000000e9c00000)
  from space 15360K, 99% used [0x00000000eb780000,0x00000000ec666ed0,0x00000000ec680000)
  to   space 17408K, 0% used [0x00000000ea480000,0x00000000ea480000,0x00000000eb580000)
 ParOldGen       total 69120K, used 17695K [0x0000000080800000, 0x0000000084b80000, 0x00000000d5800000)
  object space 69120K, 25% used [0x0000000080800000,0x0000000081947d30,0x0000000084b80000)
 Metaspace       used 47388K, capacity 49382K, committed 49576K, reserved 1091584K
  class space    used 6266K, capacity 6807K, committed 6832K, reserved 1048576K
}
Event: 7.120 GC heap before
{Heap before GC invocations=13 (full 2):
 PSYoungGen      total 347136K, used 292452K [0x00000000d5800000, 0x00000000ec680000, 0x0000000100000000)
  eden space 331776K, 83% used [0x00000000d5800000,0x00000000e66b2228,0x00000000e9c00000)
  from space 15360K, 99% used [0x00000000eb780000,0x00000000ec666ed0,0x00000000ec680000)
  to   space 17408K, 0% used [0x00000000ea480000,0x00000000ea480000,0x00000000eb580000)
 ParOldGen       total 69120K, used 17695K [0x0000000080800000, 0x0000000084b80000, 0x00000000d5800000)
  object space 69120K, 25% used [0x0000000080800000,0x0000000081947d30,0x0000000084b80000)
 Metaspace       used 56153K, capacity 58954K, committed 59160K, reserved 1099776K
  class space    used 7575K, capacity 8221K, committed 8240K, reserved 1048576K
Event: 7.155 GC heap after
Heap after GC invocations=13 (full 2):
 PSYoungGen      total 357888K, used 17392K [0x00000000d5800000, 0x00000000f7100000, 0x0000000100000000)
  eden space 340480K, 0% used [0x00000000d5800000,0x00000000d5800000,0x00000000ea480000)
  from space 17408K, 99% used [0x00000000ea480000,0x00000000eb57c020,0x00000000eb580000)
  to   space 44032K, 0% used [0x00000000f4600000,0x00000000f4600000,0x00000000f7100000)
 ParOldGen       total 86016K, used 82393K [0x0000000080800000, 0x0000000085c00000, 0x00000000d5800000)
  object space 86016K, 95% used [0x0000000080800000,0x00000000858765d8,0x0000000085c00000)
 Metaspace       used 56153K, capacity 58954K, committed 59160K, reserved 1099776K
  class space    used 7575K, capacity 8221K, committed 8240K, reserved 1048576K
}
Event: 7.155 GC heap before
{Heap before GC invocations=14 (full 3):
 PSYoungGen      total 357888K, used 17392K [0x00000000d5800000, 0x00000000f7100000, 0x0000000100000000)
  eden space 340480K, 0% used [0x00000000d5800000,0x00000000d5800000,0x00000000ea480000)
  from space 17408K, 99% used [0x00000000ea480000,0x00000000eb57c020,0x00000000eb580000)
  to   space 44032K, 0% used [0x00000000f4600000,0x00000000f4600000,0x00000000f7100000)
 ParOldGen       total 86016K, used 82393K [0x0000000080800000, 0x0000000085c00000, 0x00000000d5800000)
  object space 86016K, 95% used [0x0000000080800000,0x00000000858765d8,0x0000000085c00000)
 Metaspace       used 56153K, capacity 58954K, committed 59160K, reserved 1099776K
  class space    used 7575K, capacity 8221K, committed 8240K, reserved 1048576K
Event: 7.265 GC heap after
Heap after GC invocations=14 (full 3):
 PSYoungGen      total 357888K, used 17386K [0x00000000d5800000, 0x00000000f7100000, 0x0000000100000000)
  eden space 340480K, 0% used [0x00000000d5800000,0x00000000d5800000,0x00000000ea480000)
  from space 17408K, 99% used [0x00000000ea480000,0x00000000eb57a8b0,0x00000000eb580000)
  to   space 44032K, 0% used [0x00000000f4600000,0x00000000f4600000,0x00000000f7100000)
 ParOldGen       total 164352K, used 78396K [0x0000000080800000, 0x000000008a880000, 0x00000000d5800000)
  object space 164352K, 47% used [0x0000000080800000,0x000000008548f230,0x000000008a880000)
 Metaspace       used 56153K, capacity 58954K, committed 59160K, reserved 1099776K
  class space    used 7575K, capacity 8221K, committed 8240K, reserved 1048576K
}
Event: 9.001 GC heap before
{Heap before GC invocations=15 (full 3):
 PSYoungGen      total 357888K, used 357866K [0x00000000d5800000, 0x00000000f7100000, 0x0000000100000000)
  eden space 340480K, 100% used [0x00000000d5800000,0x00000000ea480000,0x00000000ea480000)
  from space 17408K, 99% used [0x00000000ea480000,0x00000000eb57a8b0,0x00000000eb580000)
  to   space 44032K, 0% used [0x00000000f4600000,0x00000000f4600000,0x00000000f7100000)
 ParOldGen       total 164352K, used 78396K [0x0000000080800000, 0x000000008a880000, 0x00000000d5800000)
  object space 164352K, 47% used [0x0000000080800000,0x000000008548f230,0x000000008a880000)
 Metaspace       used 60833K, capacity 64162K, committed 64408K, reserved 1103872K
  class space    used 8276K, capacity 9017K, committed 9136K, reserved 1048576K
Event: 9.052 GC heap after
Heap after GC invocations=15 (full 3):
 PSYoungGen      total 499712K, used 11642K [0x00000000d5800000, 0x00000000f6c00000, 0x0000000100000000)
  eden space 460800K, 0% used [0x00000000d5800000,0x00000000d5800000,0x00000000f1a00000)
  from space 38912K, 29% used [0x00000000f4600000,0x00000000f515e858,0x00000000f6c00000)
  to   space 41984K, 0% used [0x00000000f1a00000,0x00000000f1a00000,0x00000000f4300000)
 ParOldGen       total 164352K, used 95780K [0x0000000080800000, 0x000000008a880000, 0x00000000d5800000)
  object space 164352K, 58% used [0x0000000080800000,0x0000000086589278,0x000000008a880000)
 Metaspace       used 60833K, capacity 64162K, committed 64408K, reserved 1103872K
  class space    used 8276K, capacity 9017K, committed 9136K, reserved 1048576K
}

