# JRE version: Java(TM) SE Runtime Environment (8.0_241-b07) (build 1.8.0_241-b07)
# Java VM: Java HotSpot(TM) 64-Bit Server VM (25.241-b07 mixed mode windows-amd64 compressed oops)
Heap:
 PSYoungGen      total 350720K, used 345078K [0x00000000d5800000, 0x00000000ec880000, 0x0000000100000000)
  eden space 333312K, 98% used [0x00000000d5800000,0x00000000e9886200,0x00000000e9d80000)
  from space 17408K, 96% used [0x00000000ea680000,0x00000000eb6f7770,0x00000000eb780000)
  to   space 15360K, 0% used [0x00000000eb980000,0x00000000eb980000,0x00000000ec880000)
 ParOldGen       total 103936K, used 95282K [0x0000000080800000, 0x0000000086d80000, 0x00000000d5800000)
  object space 103936K, 91% used [0x0000000080800000,0x000000008650ca08,0x0000000086d80000)
 Metaspace       used 61017K, capacity 64378K, committed 64536K, reserved 1103872K
  class space    used 8369K, capacity 9151K, committed 9240K, reserved 1048576K
GC Heap History (10 events):
Event: 4.827 GC heap before
{Heap before GC invocations=10 (full 1):
 PSYoungGen      total 246784K, used 83545K [0x00000000d5800000, 0x00000000e5900000, 0x0000000100000000)
  eden space 235520K, 30% used [0x00000000d5800000,0x00000000d9e9a960,0x00000000e3e00000)
  from space 11264K, 99% used [0x00000000e4d80000,0x00000000e587bbb0,0x00000000e5880000)
  to   space 13824K, 0% used [0x00000000e3e00000,0x00000000e3e00000,0x00000000e4b80000)
 ParOldGen       total 48128K, used 12964K [0x0000000080800000, 0x0000000083700000, 0x00000000d5800000)
  object space 48128K, 26% used [0x0000000080800000,0x00000000814a92d8,0x0000000083700000)
 Metaspace       used 34142K, capacity 35422K, committed 35496K, reserved 1079296K
  class space    used 4502K, capacity 4751K, committed 4776K, reserved 1048576K
Event: 4.838 GC heap after
Heap after GC invocations=10 (full 1):
 PSYoungGen      total 249344K, used 12027K [0x00000000d5800000, 0x00000000ec880000, 0x0000000100000000)
  eden space 235520K, 0% used [0x00000000d5800000,0x00000000d5800000,0x00000000e3e00000)
  from space 13824K, 87% used [0x00000000e3e00000,0x00000000e49bef80,0x00000000e4b80000)
  to   space 15360K, 0% used [0x00000000eb980000,0x00000000eb980000,0x00000000ec880000)
 ParOldGen       total 48128K, used 12972K [0x0000000080800000, 0x0000000083700000, 0x00000000d5800000)
  object space 48128K, 26% used [0x0000000080800000,0x00000000814ab2d8,0x0000000083700000)
 Metaspace       used 34142K, capacity 35422K, committed 35496K, reserved 1079296K
  class space    used 4502K, capacity 4751K, committed 4776K, reserved 1048576K
}
Event: 4.838 GC heap before
{Heap before GC invocations=11 (full 2):
 PSYoungGen      total 249344K, used 12027K [0x00000000d5800000, 0x00000000ec880000, 0x0000000100000000)
  eden space 235520K, 0% used [0x00000000d5800000,0x00000000d5800000,0x00000000e3e00000)
  from space 13824K, 87% used [0x00000000e3e00000,0x00000000e49bef80,0x00000000e4b80000)
  to   space 15360K, 0% used [0x00000000eb980000,0x00000000eb980000,0x00000000ec880000)
 ParOldGen       total 48128K, used 12972K [0x0000000080800000, 0x0000000083700000, 0x00000000d5800000)
  object space 48128K, 26% used [0x0000000080800000,0x00000000814ab2d8,0x0000000083700000)
 Metaspace       used 34142K, capacity 35422K, committed 35496K, reserved 1079296K
  class space    used 4502K, capacity 4751K, committed 4776K, reserved 1048576K
Event: 4.878 GC heap after
Heap after GC invocations=11 (full 2):
 PSYoungGen      total 249344K, used 0K [0x00000000d5800000, 0x00000000ec880000, 0x0000000100000000)
  eden space 235520K, 0% used [0x00000000d5800000,0x00000000d5800000,0x00000000e3e00000)
  from space 13824K, 0% used [0x00000000e3e00000,0x00000000e3e00000,0x00000000e4b80000)
  to   space 15360K, 0% used [0x00000000eb980000,0x00000000eb980000,0x00000000ec880000)
 ParOldGen       total 70144K, used 18089K [0x0000000080800000, 0x0000000084c80000, 0x00000000d5800000)
  object space 70144K, 25% used [0x0000000080800000,0x00000000819aa438,0x0000000084c80000)
 Metaspace       used 34142K, capacity 35422K, committed 35496K, reserved 1079296K
  class space    used 4502K, capacity 4751K, committed 4776K, reserved 1048576K
}
Event: 6.676 GC heap before
{Heap before GC invocations=12 (full 2):
 PSYoungGen      total 249344K, used 235520K [0x00000000d5800000, 0x00000000ec880000, 0x0000000100000000)
  eden space 235520K, 100% used [0x00000000d5800000,0x00000000e3e00000,0x00000000e3e00000)
  from space 13824K, 0% used [0x00000000e3e00000,0x00000000e3e00000,0x00000000e4b80000)
  to   space 15360K, 0% used [0x00000000eb980000,0x00000000eb980000,0x00000000ec880000)
 ParOldGen       total 70144K, used 18089K [0x0000000080800000, 0x0000000084c80000, 0x00000000d5800000)
  object space 70144K, 25% used [0x0000000080800000,0x00000000819aa438,0x0000000084c80000)
 Metaspace       used 47333K, capacity 49382K, committed 49576K, reserved 1091584K
  class space    used 6254K, capacity 6807K, committed 6824K, reserved 1048576K
Event: 6.687 GC heap after
Heap after GC invocations=12 (full 2):
 PSYoungGen      total 348672K, used 15239K [0x00000000d5800000, 0x00000000ec880000, 0x0000000100000000)
  eden space 333312K, 0% used [0x00000000d5800000,0x00000000d5800000,0x00000000e9d80000)
  from space 15360K, 99% used [0x00000000eb980000,0x00000000ec861c20,0x00000000ec880000)
  to   space 17408K, 0% used [0x00000000ea680000,0x00000000ea680000,0x00000000eb780000)
 ParOldGen       total 70144K, used 18097K [0x0000000080800000, 0x0000000084c80000, 0x00000000d5800000)
  object space 70144K, 25% used [0x0000000080800000,0x00000000819ac438,0x0000000084c80000)
 Metaspace       used 47333K, capacity 49382K, committed 49576K, reserved 1091584K
  class space    used 6254K, capacity 6807K, committed 6824K, reserved 1048576K
}
Event: 9.662 GC heap before
{Heap before GC invocations=13 (full 2):
 PSYoungGen      total 348672K, used 290364K [0x00000000d5800000, 0x00000000ec880000, 0x0000000100000000)
  eden space 333312K, 82% used [0x00000000d5800000,0x00000000e64ad768,0x00000000e9d80000)
  from space 15360K, 99% used [0x00000000eb980000,0x00000000ec861c20,0x00000000ec880000)
  to   space 17408K, 0% used [0x00000000ea680000,0x00000000ea680000,0x00000000eb780000)
 ParOldGen       total 70144K, used 18097K [0x0000000080800000, 0x0000000084c80000, 0x00000000d5800000)
  object space 70144K, 25% used [0x0000000080800000,0x00000000819ac438,0x0000000084c80000)
 Metaspace       used 56268K, capacity 59070K, committed 59160K, reserved 1099776K
  class space    used 7671K, capacity 8383K, committed 8472K, reserved 1048576K
Event: 10.318 GC heap after
Heap after GC invocations=13 (full 2):
 PSYoungGen      total 350720K, used 17376K [0x00000000d5800000, 0x00000000ec880000, 0x0000000100000000)
  eden space 333312K, 0% used [0x00000000d5800000,0x00000000d5800000,0x00000000e9d80000)
  from space 17408K, 99% used [0x00000000ea680000,0x00000000eb778010,0x00000000eb780000)
  to   space 15360K, 0% used [0x00000000eb980000,0x00000000eb980000,0x00000000ec880000)
 ParOldGen       total 103936K, used 99155K [0x0000000080800000, 0x0000000086d80000, 0x00000000d5800000)
  object space 103936K, 95% used [0x0000000080800000,0x00000000868d4fb8,0x0000000086d80000)
 Metaspace       used 56268K, capacity 59070K, committed 59160K, reserved 1099776K
  class space    used 7671K, capacity 8383K, committed 8472K, reserved 1048576K
}
Event: 10.318 GC heap before
{Heap before GC invocations=14 (full 3):
 PSYoungGen      total 350720K, used 17376K [0x00000000d5800000, 0x00000000ec880000, 0x0000000100000000)
  eden space 333312K, 0% used [0x00000000d5800000,0x00000000d5800000,0x00000000e9d80000)
  from space 17408K, 99% used [0x00000000ea680000,0x00000000eb778010,0x00000000eb780000)
  to   space 15360K, 0% used [0x00000000eb980000,0x00000000eb980000,0x00000000ec880000)
 ParOldGen       total 103936K, used 99155K [0x0000000080800000, 0x0000000086d80000, 0x00000000d5800000)
  object space 103936K, 95% used [0x0000000080800000,0x00000000868d4fb8,0x0000000086d80000)
 Metaspace       used 56268K, capacity 59070K, committed 59160K, reserved 1099776K
  class space    used 7671K, capacity 8383K, committed 8472K, reserved 1048576K
Event: 10.446 GC heap after
Heap after GC invocations=14 (full 3):
 PSYoungGen      total 350720K, used 16861K [0x00000000d5800000, 0x00000000ec880000, 0x0000000100000000)
  eden space 333312K, 0% used [0x00000000d5800000,0x00000000d5800000,0x00000000e9d80000)
  from space 17408K, 96% used [0x00000000ea680000,0x00000000eb6f7770,0x00000000eb780000)
  to   space 15360K, 0% used [0x00000000eb980000,0x00000000eb980000,0x00000000ec880000)
 ParOldGen       total 103936K, used 95282K [0x0000000080800000, 0x0000000086d80000, 0x00000000d5800000)
  object space 103936K, 91% used [0x0000000080800000,0x000000008650ca08,0x0000000086d80000)
 Metaspace       used 56268K, capacity 59070K, committed 59160K, reserved 1099776K
  class space    used 7671K, capacity 8383K, committed 8472K, reserved 1048576K
}

